2022-09-12 21:13:21.812  INFO 448162 --- [main] o.l.s.steelnet.SteelNetApplicationKt     : Starting SteelNetApplicationKt using Java 18.0.2 on waybook with PID 448162 (/home/tilman/IdeaProjects/steelnet/build/classes/kotlin/main started by tilman in /home/tilman/IdeaProjects/steelnet)
2022-09-12 21:13:21.815  INFO 448162 --- [main] o.l.s.steelnet.SteelNetApplicationKt     : No active profile set, falling back to 1 default profile: "default"
2022-09-12 21:13:22.210  INFO 448162 --- [main] .s.d.r.c.RepositoryConfigurationDelegate : Bootstrapping Spring Data MongoDB repositories in DEFAULT mode.
2022-09-12 21:13:22.250  INFO 448162 --- [main] .s.d.r.c.RepositoryConfigurationDelegate : Finished Spring Data repository scanning in 36 ms. Found 1 MongoDB repository interfaces.
2022-09-12 21:13:22.738  INFO 448162 --- [main] o.s.b.w.embedded.tomcat.TomcatWebServer  : Tomcat initialized with port(s): 9000 (http)
2022-09-12 21:13:22.748  INFO 448162 --- [main] o.apache.catalina.core.StandardService   : Starting service [Tomcat]
2022-09-12 21:13:22.748  INFO 448162 --- [main] org.apache.catalina.core.StandardEngine  : Starting Servlet engine: [Apache Tomcat/9.0.65]
2022-09-12 21:13:22.835  INFO 448162 --- [main] o.a.c.c.C.[Tomcat].[localhost].[/]       : Initializing Spring embedded WebApplicationContext
2022-09-12 21:13:22.835  INFO 448162 --- [main] w.s.c.ServletWebServerApplicationContext : Root WebApplicationContext: initialization completed in 965 ms
2022-09-12 21:13:23.372  INFO 448162 --- [main] org.mongodb.driver.client                : MongoClient with metadata {"driver": {"name": "mongo-java-driver|sync|spring-boot", "version": "4.6.1"}, "os": {"type": "Linux", "name": "Linux", "architecture": "amd64", "version": "5.19.8-200.fc36.x86_64"}, "platform": "Java/Eclipse Adoptium/18.0.2+9"} created with settings MongoClientSettings{readPreference=primary, writeConcern=WriteConcern{w=null, wTimeout=null ms, journal=null}, retryWrites=true, retryReads=true, readConcern=ReadConcern{level=null}, credential=null, streamFactoryFactory=null, commandListeners=[], codecRegistry=ProvidersCodecRegistry{codecProviders=[ValueCodecProvider{}, BsonValueCodecProvider{}, DBRefCodecProvider{}, DBObjectCodecProvider{}, DocumentCodecProvider{}, IterableCodecProvider{}, MapCodecProvider{}, GeoJsonCodecProvider{}, GridFSFileCodecProvider{}, Jsr310CodecProvider{}, JsonObjectCodecProvider{}, BsonCodecProvider{}, EnumCodecProvider{}, com.mongodb.Jep395RecordCodecProvider@46dcbeab]}, clusterSettings={hosts=[localhost:27017], srvServiceName=mongodb, mode=SINGLE, requiredClusterType=UNKNOWN, requiredReplicaSetName='null', serverSelector='null', clusterListeners='[]', serverSelectionTimeout='30000 ms', localThreshold='30000 ms'}, socketSettings=SocketSettings{connectTimeoutMS=10000, readTimeoutMS=0, receiveBufferSize=0, sendBufferSize=0}, heartbeatSocketSettings=SocketSettings{connectTimeoutMS=10000, readTimeoutMS=10000, receiveBufferSize=0, sendBufferSize=0}, connectionPoolSettings=ConnectionPoolSettings{maxSize=100, minSize=0, maxWaitTimeMS=120000, maxConnectionLifeTimeMS=0, maxConnectionIdleTimeMS=0, maintenanceInitialDelayMS=0, maintenanceFrequencyMS=60000, connectionPoolListeners=[], maxConnecting=2}, serverSettings=ServerSettings{heartbeatFrequencyMS=10000, minHeartbeatFrequencyMS=500, serverListeners='[]', serverMonitorListeners='[]'}, sslSettings=SslSettings{enabled=false, invalidHostNameAllowed=false, context=null}, applicationName='null', compressorList=[], uuidRepresentation=JAVA_LEGACY, serverApi=null, autoEncryptionSettings=null, contextProvider=null}
2022-09-12 21:13:23.407  INFO 448162 --- [cluster-rtt-ClusterId{value='631f84d3ab487b438509e1d5', description='null'}-localhost:27017] org.mongodb.driver.connection            : Opened connection [connectionId{localValue:1, serverValue:52}] to localhost:27017
2022-09-12 21:13:23.407  INFO 448162 --- [cluster-ClusterId{value='631f84d3ab487b438509e1d5', description='null'}-localhost:27017] org.mongodb.driver.connection            : Opened connection [connectionId{localValue:2, serverValue:51}] to localhost:27017
2022-09-12 21:13:23.409  INFO 448162 --- [cluster-ClusterId{value='631f84d3ab487b438509e1d5', description='null'}-localhost:27017] org.mongodb.driver.cluster               : Monitor thread successfully connected to server with description ServerDescription{address=localhost:27017, type=STANDALONE, state=CONNECTED, ok=true, minWireVersion=0, maxWireVersion=9, maxDocumentSize=16777216, logicalSessionTimeoutMinutes=30, roundTripTimeNanos=44307269}
2022-09-12 21:13:41.763  INFO 448162 --- [main] org.mongodb.driver.connection            : Opened connection [connectionId{localValue:3, serverValue:53}] to localhost:27017
2022-09-12 21:13:53.748  WARN 448162 --- [main] ConfigServletWebServerApplicationContext : Exception encountered during context initialization - cancelling refresh attempt: org.springframework.beans.factory.UnsatisfiedDependencyException: Error creating bean with name 'itemController' defined in file [/home/tilman/IdeaProjects/steelnet/build/classes/kotlin/main/org/legion/steel/steelnet/controller/ItemController.class]: Unsatisfied dependency expressed through constructor parameter 0; nested exception is org.springframework.beans.factory.UnsatisfiedDependencyException: Error creating bean with name 'itemService' defined in file [/home/tilman/IdeaProjects/steelnet/build/classes/kotlin/main/org/legion/steel/steelnet/service/item/ItemService.class]: Unsatisfied dependency expressed through constructor parameter 3; nested exception is org.springframework.beans.factory.UnsatisfiedDependencyException: Error creating bean with name 'tokenValidator' defined in file [/home/tilman/IdeaProjects/steelnet/build/classes/kotlin/main/org/legion/steel/steelnet/service/TokenValidator.class]: Unsatisfied dependency expressed through constructor parameter 0; nested exception is org.springframework.beans.factory.BeanCreationException: Error creating bean with name 'googleTokenSheetService' defined in file [/home/tilman/IdeaProjects/steelnet/build/classes/kotlin/main/org/legion/steel/steelnet/service/google/sheets/GoogleTokenSheetService.class]: Bean instantiation via constructor failed; nested exception is org.springframework.beans.BeanInstantiationException: Failed to instantiate [org.legion.steel.steelnet.service.google.sheets.GoogleTokenSheetService]: Constructor threw exception; nested exception is com.google.api.client.googleapis.json.GoogleJsonResponseException: 403 Forbidden
GET https://sheets.googleapis.com/v4/spreadsheets/1YS4NRGxhuWNWqjmnA7A-rtPxAy0RXJuw_SXrbkZHI3g/values/Tokens
{
  "code": 403,
  "errors": [
    {
      "domain": "global",
      "message": "The caller does not have permission",
      "reason": "forbidden"
    }
  ],
  "message": "The caller does not have permission",
  "status": "PERMISSION_DENIED"
}
2022-09-12 21:13:53.767  INFO 448162 --- [main] o.apache.catalina.core.StandardService   : Stopping service [Tomcat]
2022-09-12 21:13:53.788  INFO 448162 --- [main] ConditionEvaluationReportLoggingListener : 

Error starting ApplicationContext. To display the conditions report re-run your application with 'debug' enabled.
2022-09-12 21:13:53.822 ERROR 448162 --- [main] o.s.boot.SpringApplication               : Application run failed

org.springframework.beans.factory.UnsatisfiedDependencyException: Error creating bean with name 'itemController' defined in file [/home/tilman/IdeaProjects/steelnet/build/classes/kotlin/main/org/legion/steel/steelnet/controller/ItemController.class]: Unsatisfied dependency expressed through constructor parameter 0; nested exception is org.springframework.beans.factory.UnsatisfiedDependencyException: Error creating bean with name 'itemService' defined in file [/home/tilman/IdeaProjects/steelnet/build/classes/kotlin/main/org/legion/steel/steelnet/service/item/ItemService.class]: Unsatisfied dependency expressed through constructor parameter 3; nested exception is org.springframework.beans.factory.UnsatisfiedDependencyException: Error creating bean with name 'tokenValidator' defined in file [/home/tilman/IdeaProjects/steelnet/build/classes/kotlin/main/org/legion/steel/steelnet/service/TokenValidator.class]: Unsatisfied dependency expressed through constructor parameter 0; nested exception is org.springframework.beans.factory.BeanCreationException: Error creating bean with name 'googleTokenSheetService' defined in file [/home/tilman/IdeaProjects/steelnet/build/classes/kotlin/main/org/legion/steel/steelnet/service/google/sheets/GoogleTokenSheetService.class]: Bean instantiation via constructor failed; nested exception is org.springframework.beans.BeanInstantiationException: Failed to instantiate [org.legion.steel.steelnet.service.google.sheets.GoogleTokenSheetService]: Constructor threw exception; nested exception is com.google.api.client.googleapis.json.GoogleJsonResponseException: 403 Forbidden
GET https://sheets.googleapis.com/v4/spreadsheets/1YS4NRGxhuWNWqjmnA7A-rtPxAy0RXJuw_SXrbkZHI3g/values/Tokens
{
  "code": 403,
  "errors": [
    {
      "domain": "global",
      "message": "The caller does not have permission",
      "reason": "forbidden"
    }
  ],
  "message": "The caller does not have permission",
  "status": "PERMISSION_DENIED"
}
	at org.springframework.beans.factory.support.ConstructorResolver.createArgumentArray(ConstructorResolver.java:800) ~[spring-beans-5.3.22.jar:5.3.22]
	at org.springframework.beans.factory.support.ConstructorResolver.autowireConstructor(ConstructorResolver.java:229) ~[spring-beans-5.3.22.jar:5.3.22]
	at org.springframework.beans.factory.support.AbstractAutowireCapableBeanFactory.autowireConstructor(AbstractAutowireCapableBeanFactory.java:1372) ~[spring-beans-5.3.22.jar:5.3.22]
	at org.springframework.beans.factory.support.AbstractAutowireCapableBeanFactory.createBeanInstance(AbstractAutowireCapableBeanFactory.java:1222) ~[spring-beans-5.3.22.jar:5.3.22]
	at org.springframework.beans.factory.support.AbstractAutowireCapableBeanFactory.doCreateBean(AbstractAutowireCapableBeanFactory.java:582) ~[spring-beans-5.3.22.jar:5.3.22]
	at org.springframework.beans.factory.support.AbstractAutowireCapableBeanFactory.createBean(AbstractAutowireCapableBeanFactory.java:542) ~[spring-beans-5.3.22.jar:5.3.22]
	at org.springframework.beans.factory.support.AbstractBeanFactory.lambda$doGetBean$0(AbstractBeanFactory.java:335) ~[spring-beans-5.3.22.jar:5.3.22]
	at org.springframework.beans.factory.support.DefaultSingletonBeanRegistry.getSingleton(DefaultSingletonBeanRegistry.java:234) ~[spring-beans-5.3.22.jar:5.3.22]
	at org.springframework.beans.factory.support.AbstractBeanFactory.doGetBean(AbstractBeanFactory.java:333) ~[spring-beans-5.3.22.jar:5.3.22]
	at org.springframework.beans.factory.support.AbstractBeanFactory.getBean(AbstractBeanFactory.java:208) ~[spring-beans-5.3.22.jar:5.3.22]
	at org.springframework.beans.factory.support.DefaultListableBeanFactory.preInstantiateSingletons(DefaultListableBeanFactory.java:955) ~[spring-beans-5.3.22.jar:5.3.22]
	at org.springframework.context.support.AbstractApplicationContext.finishBeanFactoryInitialization(AbstractApplicationContext.java:918) ~[spring-context-5.3.22.jar:5.3.22]
	at org.springframework.context.support.AbstractApplicationContext.refresh(AbstractApplicationContext.java:583) ~[spring-context-5.3.22.jar:5.3.22]
	at org.springframework.boot.web.servlet.context.ServletWebServerApplicationContext.refresh(ServletWebServerApplicationContext.java:147) ~[spring-boot-2.7.3.jar:2.7.3]
	at org.springframework.boot.SpringApplication.refresh(SpringApplication.java:734) ~[spring-boot-2.7.3.jar:2.7.3]
	at org.springframework.boot.SpringApplication.refreshContext(SpringApplication.java:408) ~[spring-boot-2.7.3.jar:2.7.3]
	at org.springframework.boot.SpringApplication.run(SpringApplication.java:308) ~[spring-boot-2.7.3.jar:2.7.3]
	at org.springframework.boot.SpringApplication.run(SpringApplication.java:1306) ~[spring-boot-2.7.3.jar:2.7.3]
	at org.springframework.boot.SpringApplication.run(SpringApplication.java:1295) ~[spring-boot-2.7.3.jar:2.7.3]
	at org.legion.steel.steelnet.SteelNetApplicationKt.main(SteelNetApplication.kt:44) ~[main/:na]
Caused by: org.springframework.beans.factory.UnsatisfiedDependencyException: Error creating bean with name 'itemService' defined in file [/home/tilman/IdeaProjects/steelnet/build/classes/kotlin/main/org/legion/steel/steelnet/service/item/ItemService.class]: Unsatisfied dependency expressed through constructor parameter 3; nested exception is org.springframework.beans.factory.UnsatisfiedDependencyException: Error creating bean with name 'tokenValidator' defined in file [/home/tilman/IdeaProjects/steelnet/build/classes/kotlin/main/org/legion/steel/steelnet/service/TokenValidator.class]: Unsatisfied dependency expressed through constructor parameter 0; nested exception is org.springframework.beans.factory.BeanCreationException: Error creating bean with name 'googleTokenSheetService' defined in file [/home/tilman/IdeaProjects/steelnet/build/classes/kotlin/main/org/legion/steel/steelnet/service/google/sheets/GoogleTokenSheetService.class]: Bean instantiation via constructor failed; nested exception is org.springframework.beans.BeanInstantiationException: Failed to instantiate [org.legion.steel.steelnet.service.google.sheets.GoogleTokenSheetService]: Constructor threw exception; nested exception is com.google.api.client.googleapis.json.GoogleJsonResponseException: 403 Forbidden
GET https://sheets.googleapis.com/v4/spreadsheets/1YS4NRGxhuWNWqjmnA7A-rtPxAy0RXJuw_SXrbkZHI3g/values/Tokens
{
  "code": 403,
  "errors": [
    {
      "domain": "global",
      "message": "The caller does not have permission",
      "reason": "forbidden"
    }
  ],
  "message": "The caller does not have permission",
  "status": "PERMISSION_DENIED"
}
	at org.springframework.beans.factory.support.ConstructorResolver.createArgumentArray(ConstructorResolver.java:800) ~[spring-beans-5.3.22.jar:5.3.22]
	at org.springframework.beans.factory.support.ConstructorResolver.autowireConstructor(ConstructorResolver.java:229) ~[spring-beans-5.3.22.jar:5.3.22]
	at org.springframework.beans.factory.support.AbstractAutowireCapableBeanFactory.autowireConstructor(AbstractAutowireCapableBeanFactory.java:1372) ~[spring-beans-5.3.22.jar:5.3.22]
	at org.springframework.beans.factory.support.AbstractAutowireCapableBeanFactory.createBeanInstance(AbstractAutowireCapableBeanFactory.java:1222) ~[spring-beans-5.3.22.jar:5.3.22]
	at org.springframework.beans.factory.support.AbstractAutowireCapableBeanFactory.doCreateBean(AbstractAutowireCapableBeanFactory.java:582) ~[spring-beans-5.3.22.jar:5.3.22]
	at org.springframework.beans.factory.support.AbstractAutowireCapableBeanFactory.createBean(AbstractAutowireCapableBeanFactory.java:542) ~[spring-beans-5.3.22.jar:5.3.22]
	at org.springframework.beans.factory.support.AbstractBeanFactory.lambda$doGetBean$0(AbstractBeanFactory.java:335) ~[spring-beans-5.3.22.jar:5.3.22]
	at org.springframework.beans.factory.support.DefaultSingletonBeanRegistry.getSingleton(DefaultSingletonBeanRegistry.java:234) ~[spring-beans-5.3.22.jar:5.3.22]
	at org.springframework.beans.factory.support.AbstractBeanFactory.doGetBean(AbstractBeanFactory.java:333) ~[spring-beans-5.3.22.jar:5.3.22]
	at org.springframework.beans.factory.support.AbstractBeanFactory.getBean(AbstractBeanFactory.java:208) ~[spring-beans-5.3.22.jar:5.3.22]
	at org.springframework.beans.factory.config.DependencyDescriptor.resolveCandidate(DependencyDescriptor.java:276) ~[spring-beans-5.3.22.jar:5.3.22]
	at org.springframework.beans.factory.support.DefaultListableBeanFactory.doResolveDependency(DefaultListableBeanFactory.java:1391) ~[spring-beans-5.3.22.jar:5.3.22]
	at org.springframework.beans.factory.support.DefaultListableBeanFactory.resolveDependency(DefaultListableBeanFactory.java:1311) ~[spring-beans-5.3.22.jar:5.3.22]
	at org.springframework.beans.factory.support.ConstructorResolver.resolveAutowiredArgument(ConstructorResolver.java:887) ~[spring-beans-5.3.22.jar:5.3.22]
	at org.springframework.beans.factory.support.ConstructorResolver.createArgumentArray(ConstructorResolver.java:791) ~[spring-beans-5.3.22.jar:5.3.22]
	... 19 common frames omitted
Caused by: org.springframework.beans.factory.UnsatisfiedDependencyException: Error creating bean with name 'tokenValidator' defined in file [/home/tilman/IdeaProjects/steelnet/build/classes/kotlin/main/org/legion/steel/steelnet/service/TokenValidator.class]: Unsatisfied dependency expressed through constructor parameter 0; nested exception is org.springframework.beans.factory.BeanCreationException: Error creating bean with name 'googleTokenSheetService' defined in file [/home/tilman/IdeaProjects/steelnet/build/classes/kotlin/main/org/legion/steel/steelnet/service/google/sheets/GoogleTokenSheetService.class]: Bean instantiation via constructor failed; nested exception is org.springframework.beans.BeanInstantiationException: Failed to instantiate [org.legion.steel.steelnet.service.google.sheets.GoogleTokenSheetService]: Constructor threw exception; nested exception is com.google.api.client.googleapis.json.GoogleJsonResponseException: 403 Forbidden
GET https://sheets.googleapis.com/v4/spreadsheets/1YS4NRGxhuWNWqjmnA7A-rtPxAy0RXJuw_SXrbkZHI3g/values/Tokens
{
  "code": 403,
  "errors": [
    {
      "domain": "global",
      "message": "The caller does not have permission",
      "reason": "forbidden"
    }
  ],
  "message": "The caller does not have permission",
  "status": "PERMISSION_DENIED"
}
	at org.springframework.beans.factory.support.ConstructorResolver.createArgumentArray(ConstructorResolver.java:800) ~[spring-beans-5.3.22.jar:5.3.22]
	at org.springframework.beans.factory.support.ConstructorResolver.autowireConstructor(ConstructorResolver.java:229) ~[spring-beans-5.3.22.jar:5.3.22]
	at org.springframework.beans.factory.support.AbstractAutowireCapableBeanFactory.autowireConstructor(AbstractAutowireCapableBeanFactory.java:1372) ~[spring-beans-5.3.22.jar:5.3.22]
	at org.springframework.beans.factory.support.AbstractAutowireCapableBeanFactory.createBeanInstance(AbstractAutowireCapableBeanFactory.java:1222) ~[spring-beans-5.3.22.jar:5.3.22]
	at org.springframework.beans.factory.support.AbstractAutowireCapableBeanFactory.doCreateBean(AbstractAutowireCapableBeanFactory.java:582) ~[spring-beans-5.3.22.jar:5.3.22]
	at org.springframework.beans.factory.support.AbstractAutowireCapableBeanFactory.createBean(AbstractAutowireCapableBeanFactory.java:542) ~[spring-beans-5.3.22.jar:5.3.22]
	at org.springframework.beans.factory.support.AbstractBeanFactory.lambda$doGetBean$0(AbstractBeanFactory.java:335) ~[spring-beans-5.3.22.jar:5.3.22]
	at org.springframework.beans.factory.support.DefaultSingletonBeanRegistry.getSingleton(DefaultSingletonBeanRegistry.java:234) ~[spring-beans-5.3.22.jar:5.3.22]
	at org.springframework.beans.factory.support.AbstractBeanFactory.doGetBean(AbstractBeanFactory.java:333) ~[spring-beans-5.3.22.jar:5.3.22]
	at org.springframework.beans.factory.support.AbstractBeanFactory.getBean(AbstractBeanFactory.java:208) ~[spring-beans-5.3.22.jar:5.3.22]
	at org.springframework.beans.factory.config.DependencyDescriptor.resolveCandidate(DependencyDescriptor.java:276) ~[spring-beans-5.3.22.jar:5.3.22]
	at org.springframework.beans.factory.support.DefaultListableBeanFactory.doResolveDependency(DefaultListableBeanFactory.java:1391) ~[spring-beans-5.3.22.jar:5.3.22]
	at org.springframework.beans.factory.support.DefaultListableBeanFactory.resolveDependency(DefaultListableBeanFactory.java:1311) ~[spring-beans-5.3.22.jar:5.3.22]
	at org.springframework.beans.factory.support.ConstructorResolver.resolveAutowiredArgument(ConstructorResolver.java:887) ~[spring-beans-5.3.22.jar:5.3.22]
	at org.springframework.beans.factory.support.ConstructorResolver.createArgumentArray(ConstructorResolver.java:791) ~[spring-beans-5.3.22.jar:5.3.22]
	... 33 common frames omitted
Caused by: org.springframework.beans.factory.BeanCreationException: Error creating bean with name 'googleTokenSheetService' defined in file [/home/tilman/IdeaProjects/steelnet/build/classes/kotlin/main/org/legion/steel/steelnet/service/google/sheets/GoogleTokenSheetService.class]: Bean instantiation via constructor failed; nested exception is org.springframework.beans.BeanInstantiationException: Failed to instantiate [org.legion.steel.steelnet.service.google.sheets.GoogleTokenSheetService]: Constructor threw exception; nested exception is com.google.api.client.googleapis.json.GoogleJsonResponseException: 403 Forbidden
GET https://sheets.googleapis.com/v4/spreadsheets/1YS4NRGxhuWNWqjmnA7A-rtPxAy0RXJuw_SXrbkZHI3g/values/Tokens
{
  "code": 403,
  "errors": [
    {
      "domain": "global",
      "message": "The caller does not have permission",
      "reason": "forbidden"
    }
  ],
  "message": "The caller does not have permission",
  "status": "PERMISSION_DENIED"
}
	at org.springframework.beans.factory.support.ConstructorResolver.instantiate(ConstructorResolver.java:315) ~[spring-beans-5.3.22.jar:5.3.22]
	at org.springframework.beans.factory.support.ConstructorResolver.autowireConstructor(ConstructorResolver.java:296) ~[spring-beans-5.3.22.jar:5.3.22]
	at org.springframework.beans.factory.support.AbstractAutowireCapableBeanFactory.autowireConstructor(AbstractAutowireCapableBeanFactory.java:1372) ~[spring-beans-5.3.22.jar:5.3.22]
	at org.springframework.beans.factory.support.AbstractAutowireCapableBeanFactory.createBeanInstance(AbstractAutowireCapableBeanFactory.java:1222) ~[spring-beans-5.3.22.jar:5.3.22]
	at org.springframework.beans.factory.support.AbstractAutowireCapableBeanFactory.doCreateBean(AbstractAutowireCapableBeanFactory.java:582) ~[spring-beans-5.3.22.jar:5.3.22]
	at org.springframework.beans.factory.support.AbstractAutowireCapableBeanFactory.createBean(AbstractAutowireCapableBeanFactory.java:542) ~[spring-beans-5.3.22.jar:5.3.22]
	at org.springframework.beans.factory.support.AbstractBeanFactory.lambda$doGetBean$0(AbstractBeanFactory.java:335) ~[spring-beans-5.3.22.jar:5.3.22]
	at org.springframework.beans.factory.support.DefaultSingletonBeanRegistry.getSingleton(DefaultSingletonBeanRegistry.java:234) ~[spring-beans-5.3.22.jar:5.3.22]
	at org.springframework.beans.factory.support.AbstractBeanFactory.doGetBean(AbstractBeanFactory.java:333) ~[spring-beans-5.3.22.jar:5.3.22]
	at org.springframework.beans.factory.support.AbstractBeanFactory.getBean(AbstractBeanFactory.java:208) ~[spring-beans-5.3.22.jar:5.3.22]
	at org.springframework.beans.factory.config.DependencyDescriptor.resolveCandidate(DependencyDescriptor.java:276) ~[spring-beans-5.3.22.jar:5.3.22]
	at org.springframework.beans.factory.support.DefaultListableBeanFactory.doResolveDependency(DefaultListableBeanFactory.java:1391) ~[spring-beans-5.3.22.jar:5.3.22]
	at org.springframework.beans.factory.support.DefaultListableBeanFactory.resolveDependency(DefaultListableBeanFactory.java:1311) ~[spring-beans-5.3.22.jar:5.3.22]
	at org.springframework.beans.factory.support.ConstructorResolver.resolveAutowiredArgument(ConstructorResolver.java:887) ~[spring-beans-5.3.22.jar:5.3.22]
	at org.springframework.beans.factory.support.ConstructorResolver.createArgumentArray(ConstructorResolver.java:791) ~[spring-beans-5.3.22.jar:5.3.22]
	... 47 common frames omitted
Caused by: org.springframework.beans.BeanInstantiationException: Failed to instantiate [org.legion.steel.steelnet.service.google.sheets.GoogleTokenSheetService]: Constructor threw exception; nested exception is com.google.api.client.googleapis.json.GoogleJsonResponseException: 403 Forbidden
GET https://sheets.googleapis.com/v4/spreadsheets/1YS4NRGxhuWNWqjmnA7A-rtPxAy0RXJuw_SXrbkZHI3g/values/Tokens
{
  "code": 403,
  "errors": [
    {
      "domain": "global",
      "message": "The caller does not have permission",
      "reason": "forbidden"
    }
  ],
  "message": "The caller does not have permission",
  "status": "PERMISSION_DENIED"
}
	at org.springframework.beans.BeanUtils.instantiateClass(BeanUtils.java:224) ~[spring-beans-5.3.22.jar:5.3.22]
	at org.springframework.beans.factory.support.SimpleInstantiationStrategy.instantiate(SimpleInstantiationStrategy.java:117) ~[spring-beans-5.3.22.jar:5.3.22]
	at org.springframework.beans.factory.support.ConstructorResolver.instantiate(ConstructorResolver.java:311) ~[spring-beans-5.3.22.jar:5.3.22]
	... 61 common frames omitted
Caused by: com.google.api.client.googleapis.json.GoogleJsonResponseException: 403 Forbidden
GET https://sheets.googleapis.com/v4/spreadsheets/1YS4NRGxhuWNWqjmnA7A-rtPxAy0RXJuw_SXrbkZHI3g/values/Tokens
{
  "code": 403,
  "errors": [
    {
      "domain": "global",
      "message": "The caller does not have permission",
      "reason": "forbidden"
    }
  ],
  "message": "The caller does not have permission",
  "status": "PERMISSION_DENIED"
}
	at com.google.api.client.googleapis.json.GoogleJsonResponseException.from(GoogleJsonResponseException.java:146) ~[google-api-client-2.0.0.jar:2.0.0]
	at com.google.api.client.googleapis.services.json.AbstractGoogleJsonClientRequest.newExceptionOnError(AbstractGoogleJsonClientRequest.java:118) ~[google-api-client-2.0.0.jar:2.0.0]
	at com.google.api.client.googleapis.services.json.AbstractGoogleJsonClientRequest.newExceptionOnError(AbstractGoogleJsonClientRequest.java:37) ~[google-api-client-2.0.0.jar:2.0.0]
	at com.google.api.client.googleapis.services.AbstractGoogleClientRequest$1.interceptResponse(AbstractGoogleClientRequest.java:439) ~[google-api-client-2.0.0.jar:2.0.0]
	at com.google.api.client.http.HttpRequest.execute(HttpRequest.java:1111) ~[google-http-client-1.42.2.jar:1.42.2]
	at com.google.api.client.googleapis.services.AbstractGoogleClientRequest.executeUnparsed(AbstractGoogleClientRequest.java:525) ~[google-api-client-2.0.0.jar:2.0.0]
	at com.google.api.client.googleapis.services.AbstractGoogleClientRequest.executeUnparsed(AbstractGoogleClientRequest.java:466) ~[google-api-client-2.0.0.jar:2.0.0]
	at com.google.api.client.googleapis.services.AbstractGoogleClientRequest.execute(AbstractGoogleClientRequest.java:576) ~[google-api-client-2.0.0.jar:2.0.0]
	at org.legion.steel.steelnet.service.google.sheets.AbstractGoogleSheetsService.fetchGoogleSheetsData(AbstractGoogleSheetsService.kt:37) ~[main/:na]
	at org.legion.steel.steelnet.service.google.sheets.GoogleTokenSheetService.loadTokensFromSheet(GoogleTokenSheetService.kt:17) ~[main/:na]
	at org.legion.steel.steelnet.service.google.sheets.GoogleTokenSheetService.<init>(GoogleTokenSheetService.kt:14) ~[main/:na]
	at java.base/jdk.internal.reflect.DirectConstructorHandleAccessor.newInstance(DirectConstructorHandleAccessor.java:67) ~[na:na]
	at java.base/java.lang.reflect.Constructor.newInstanceWithCaller(Constructor.java:499) ~[na:na]
	at java.base/java.lang.reflect.Constructor.newInstance(Constructor.java:483) ~[na:na]
	at kotlin.reflect.jvm.internal.calls.CallerImpl$Constructor.call(CallerImpl.kt:41) ~[kotlin-reflect-1.6.21.jar:1.6.21-release-334(1.6.21)]
	at kotlin.reflect.jvm.internal.KCallableImpl.call(KCallableImpl.kt:108) ~[kotlin-reflect-1.6.21.jar:1.6.21-release-334(1.6.21)]
	at kotlin.reflect.jvm.internal.KCallableImpl.callDefaultMethod$kotlin_reflection(KCallableImpl.kt:159) ~[kotlin-reflect-1.6.21.jar:1.6.21-release-334(1.6.21)]
	at kotlin.reflect.jvm.internal.KCallableImpl.callBy(KCallableImpl.kt:112) ~[kotlin-reflect-1.6.21.jar:1.6.21-release-334(1.6.21)]
	at org.springframework.beans.BeanUtils$KotlinDelegate.instantiateClass(BeanUtils.java:892) ~[spring-beans-5.3.22.jar:5.3.22]
	at org.springframework.beans.BeanUtils.instantiateClass(BeanUtils.java:196) ~[spring-beans-5.3.22.jar:5.3.22]
	... 63 common frames omitted

2022-09-12 21:14:45.865  INFO 450924 --- [main] o.l.s.steelnet.SteelNetApplicationKt     : Starting SteelNetApplicationKt using Java 18.0.2 on waybook with PID 450924 (/home/tilman/IdeaProjects/steelnet/build/classes/kotlin/main started by tilman in /home/tilman/IdeaProjects/steelnet)
2022-09-12 21:14:45.867  INFO 450924 --- [main] o.l.s.steelnet.SteelNetApplicationKt     : No active profile set, falling back to 1 default profile: "default"
2022-09-12 21:14:46.255  INFO 450924 --- [main] .s.d.r.c.RepositoryConfigurationDelegate : Bootstrapping Spring Data MongoDB repositories in DEFAULT mode.
2022-09-12 21:14:46.293  INFO 450924 --- [main] .s.d.r.c.RepositoryConfigurationDelegate : Finished Spring Data repository scanning in 33 ms. Found 1 MongoDB repository interfaces.
2022-09-12 21:14:46.779  INFO 450924 --- [main] o.s.b.w.embedded.tomcat.TomcatWebServer  : Tomcat initialized with port(s): 9000 (http)
2022-09-12 21:14:46.789  INFO 450924 --- [main] o.apache.catalina.core.StandardService   : Starting service [Tomcat]
2022-09-12 21:14:46.789  INFO 450924 --- [main] org.apache.catalina.core.StandardEngine  : Starting Servlet engine: [Apache Tomcat/9.0.65]
2022-09-12 21:14:46.859  INFO 450924 --- [main] o.a.c.c.C.[Tomcat].[localhost].[/]       : Initializing Spring embedded WebApplicationContext
2022-09-12 21:14:46.859  INFO 450924 --- [main] w.s.c.ServletWebServerApplicationContext : Root WebApplicationContext: initialization completed in 940 ms
2022-09-12 21:14:47.351  INFO 450924 --- [main] org.mongodb.driver.client                : MongoClient with metadata {"driver": {"name": "mongo-java-driver|sync|spring-boot", "version": "4.6.1"}, "os": {"type": "Linux", "name": "Linux", "architecture": "amd64", "version": "5.19.8-200.fc36.x86_64"}, "platform": "Java/Eclipse Adoptium/18.0.2+9"} created with settings MongoClientSettings{readPreference=primary, writeConcern=WriteConcern{w=null, wTimeout=null ms, journal=null}, retryWrites=true, retryReads=true, readConcern=ReadConcern{level=null}, credential=null, streamFactoryFactory=null, commandListeners=[], codecRegistry=ProvidersCodecRegistry{codecProviders=[ValueCodecProvider{}, BsonValueCodecProvider{}, DBRefCodecProvider{}, DBObjectCodecProvider{}, DocumentCodecProvider{}, IterableCodecProvider{}, MapCodecProvider{}, GeoJsonCodecProvider{}, GridFSFileCodecProvider{}, Jsr310CodecProvider{}, JsonObjectCodecProvider{}, BsonCodecProvider{}, EnumCodecProvider{}, com.mongodb.Jep395RecordCodecProvider@2404b5a]}, clusterSettings={hosts=[localhost:27017], srvServiceName=mongodb, mode=SINGLE, requiredClusterType=UNKNOWN, requiredReplicaSetName='null', serverSelector='null', clusterListeners='[]', serverSelectionTimeout='30000 ms', localThreshold='30000 ms'}, socketSettings=SocketSettings{connectTimeoutMS=10000, readTimeoutMS=0, receiveBufferSize=0, sendBufferSize=0}, heartbeatSocketSettings=SocketSettings{connectTimeoutMS=10000, readTimeoutMS=10000, receiveBufferSize=0, sendBufferSize=0}, connectionPoolSettings=ConnectionPoolSettings{maxSize=100, minSize=0, maxWaitTimeMS=120000, maxConnectionLifeTimeMS=0, maxConnectionIdleTimeMS=0, maintenanceInitialDelayMS=0, maintenanceFrequencyMS=60000, connectionPoolListeners=[], maxConnecting=2}, serverSettings=ServerSettings{heartbeatFrequencyMS=10000, minHeartbeatFrequencyMS=500, serverListeners='[]', serverMonitorListeners='[]'}, sslSettings=SslSettings{enabled=false, invalidHostNameAllowed=false, context=null}, applicationName='null', compressorList=[], uuidRepresentation=JAVA_LEGACY, serverApi=null, autoEncryptionSettings=null, contextProvider=null}
2022-09-12 21:14:47.391  INFO 450924 --- [cluster-ClusterId{value='631f8527eee36052039f6e5e', description='null'}-localhost:27017] org.mongodb.driver.connection            : Opened connection [connectionId{localValue:2, serverValue:55}] to localhost:27017
2022-09-12 21:14:47.391  INFO 450924 --- [cluster-rtt-ClusterId{value='631f8527eee36052039f6e5e', description='null'}-localhost:27017] org.mongodb.driver.connection            : Opened connection [connectionId{localValue:1, serverValue:54}] to localhost:27017
2022-09-12 21:14:47.392  INFO 450924 --- [cluster-ClusterId{value='631f8527eee36052039f6e5e', description='null'}-localhost:27017] org.mongodb.driver.cluster               : Monitor thread successfully connected to server with description ServerDescription{address=localhost:27017, type=STANDALONE, state=CONNECTED, ok=true, minWireVersion=0, maxWireVersion=9, maxDocumentSize=16777216, logicalSessionTimeoutMinutes=30, roundTripTimeNanos=39439228}
2022-09-12 21:14:58.801  INFO 450924 --- [main] org.mongodb.driver.connection            : Opened connection [connectionId{localValue:3, serverValue:56}] to localhost:27017
2022-09-12 21:14:58.834  WARN 450924 --- [main] ConfigServletWebServerApplicationContext : Exception encountered during context initialization - cancelling refresh attempt: org.springframework.beans.factory.UnsatisfiedDependencyException: Error creating bean with name 'itemController' defined in file [/home/tilman/IdeaProjects/steelnet/build/classes/kotlin/main/org/legion/steel/steelnet/controller/ItemController.class]: Unsatisfied dependency expressed through constructor parameter 0; nested exception is org.springframework.beans.factory.UnsatisfiedDependencyException: Error creating bean with name 'itemService' defined in file [/home/tilman/IdeaProjects/steelnet/build/classes/kotlin/main/org/legion/steel/steelnet/service/item/ItemService.class]: Unsatisfied dependency expressed through constructor parameter 0; nested exception is org.springframework.beans.factory.UnsatisfiedDependencyException: Error creating bean with name 'dataCacheService' defined in file [/home/tilman/IdeaProjects/steelnet/build/classes/kotlin/main/org/legion/steel/steelnet/service/util/DataCacheService.class]: Unsatisfied dependency expressed through constructor parameter 0; nested exception is org.springframework.beans.factory.BeanCreationException: Error creating bean with name 'googleSheetsResolver' defined in file [/home/tilman/IdeaProjects/steelnet/build/classes/kotlin/main/org/legion/steel/steelnet/service/google/sheets/GoogleSheetsResolver.class]: Bean instantiation via constructor failed; nested exception is org.springframework.beans.BeanInstantiationException: Failed to instantiate [org.legion.steel.steelnet.service.google.sheets.GoogleSheetsResolver]: Constructor threw exception; nested exception is org.springframework.dao.DuplicateKeyException: Write operation error on server localhost:27017. Write error: WriteError{code=11000, message='E11000 duplicate key error collection: foxhole_items.items index: _id_ dup key: { _id: 0 }', details={}}.; nested exception is com.mongodb.MongoWriteException: Write operation error on server localhost:27017. Write error: WriteError{code=11000, message='E11000 duplicate key error collection: foxhole_items.items index: _id_ dup key: { _id: 0 }', details={}}.
2022-09-12 21:14:58.842  INFO 450924 --- [main] o.apache.catalina.core.StandardService   : Stopping service [Tomcat]
2022-09-12 21:14:58.853  INFO 450924 --- [main] ConditionEvaluationReportLoggingListener : 

Error starting ApplicationContext. To display the conditions report re-run your application with 'debug' enabled.
2022-09-12 21:14:58.873 ERROR 450924 --- [main] o.s.boot.SpringApplication               : Application run failed

org.springframework.beans.factory.UnsatisfiedDependencyException: Error creating bean with name 'itemController' defined in file [/home/tilman/IdeaProjects/steelnet/build/classes/kotlin/main/org/legion/steel/steelnet/controller/ItemController.class]: Unsatisfied dependency expressed through constructor parameter 0; nested exception is org.springframework.beans.factory.UnsatisfiedDependencyException: Error creating bean with name 'itemService' defined in file [/home/tilman/IdeaProjects/steelnet/build/classes/kotlin/main/org/legion/steel/steelnet/service/item/ItemService.class]: Unsatisfied dependency expressed through constructor parameter 0; nested exception is org.springframework.beans.factory.UnsatisfiedDependencyException: Error creating bean with name 'dataCacheService' defined in file [/home/tilman/IdeaProjects/steelnet/build/classes/kotlin/main/org/legion/steel/steelnet/service/util/DataCacheService.class]: Unsatisfied dependency expressed through constructor parameter 0; nested exception is org.springframework.beans.factory.BeanCreationException: Error creating bean with name 'googleSheetsResolver' defined in file [/home/tilman/IdeaProjects/steelnet/build/classes/kotlin/main/org/legion/steel/steelnet/service/google/sheets/GoogleSheetsResolver.class]: Bean instantiation via constructor failed; nested exception is org.springframework.beans.BeanInstantiationException: Failed to instantiate [org.legion.steel.steelnet.service.google.sheets.GoogleSheetsResolver]: Constructor threw exception; nested exception is org.springframework.dao.DuplicateKeyException: Write operation error on server localhost:27017. Write error: WriteError{code=11000, message='E11000 duplicate key error collection: foxhole_items.items index: _id_ dup key: { _id: 0 }', details={}}.; nested exception is com.mongodb.MongoWriteException: Write operation error on server localhost:27017. Write error: WriteError{code=11000, message='E11000 duplicate key error collection: foxhole_items.items index: _id_ dup key: { _id: 0 }', details={}}.
	at org.springframework.beans.factory.support.ConstructorResolver.createArgumentArray(ConstructorResolver.java:800) ~[spring-beans-5.3.22.jar:5.3.22]
	at org.springframework.beans.factory.support.ConstructorResolver.autowireConstructor(ConstructorResolver.java:229) ~[spring-beans-5.3.22.jar:5.3.22]
	at org.springframework.beans.factory.support.AbstractAutowireCapableBeanFactory.autowireConstructor(AbstractAutowireCapableBeanFactory.java:1372) ~[spring-beans-5.3.22.jar:5.3.22]
	at org.springframework.beans.factory.support.AbstractAutowireCapableBeanFactory.createBeanInstance(AbstractAutowireCapableBeanFactory.java:1222) ~[spring-beans-5.3.22.jar:5.3.22]
	at org.springframework.beans.factory.support.AbstractAutowireCapableBeanFactory.doCreateBean(AbstractAutowireCapableBeanFactory.java:582) ~[spring-beans-5.3.22.jar:5.3.22]
	at org.springframework.beans.factory.support.AbstractAutowireCapableBeanFactory.createBean(AbstractAutowireCapableBeanFactory.java:542) ~[spring-beans-5.3.22.jar:5.3.22]
	at org.springframework.beans.factory.support.AbstractBeanFactory.lambda$doGetBean$0(AbstractBeanFactory.java:335) ~[spring-beans-5.3.22.jar:5.3.22]
	at org.springframework.beans.factory.support.DefaultSingletonBeanRegistry.getSingleton(DefaultSingletonBeanRegistry.java:234) ~[spring-beans-5.3.22.jar:5.3.22]
	at org.springframework.beans.factory.support.AbstractBeanFactory.doGetBean(AbstractBeanFactory.java:333) ~[spring-beans-5.3.22.jar:5.3.22]
	at org.springframework.beans.factory.support.AbstractBeanFactory.getBean(AbstractBeanFactory.java:208) ~[spring-beans-5.3.22.jar:5.3.22]
	at org.springframework.beans.factory.support.DefaultListableBeanFactory.preInstantiateSingletons(DefaultListableBeanFactory.java:955) ~[spring-beans-5.3.22.jar:5.3.22]
	at org.springframework.context.support.AbstractApplicationContext.finishBeanFactoryInitialization(AbstractApplicationContext.java:918) ~[spring-context-5.3.22.jar:5.3.22]
	at org.springframework.context.support.AbstractApplicationContext.refresh(AbstractApplicationContext.java:583) ~[spring-context-5.3.22.jar:5.3.22]
	at org.springframework.boot.web.servlet.context.ServletWebServerApplicationContext.refresh(ServletWebServerApplicationContext.java:147) ~[spring-boot-2.7.3.jar:2.7.3]
	at org.springframework.boot.SpringApplication.refresh(SpringApplication.java:734) ~[spring-boot-2.7.3.jar:2.7.3]
	at org.springframework.boot.SpringApplication.refreshContext(SpringApplication.java:408) ~[spring-boot-2.7.3.jar:2.7.3]
	at org.springframework.boot.SpringApplication.run(SpringApplication.java:308) ~[spring-boot-2.7.3.jar:2.7.3]
	at org.springframework.boot.SpringApplication.run(SpringApplication.java:1306) ~[spring-boot-2.7.3.jar:2.7.3]
	at org.springframework.boot.SpringApplication.run(SpringApplication.java:1295) ~[spring-boot-2.7.3.jar:2.7.3]
	at org.legion.steel.steelnet.SteelNetApplicationKt.main(SteelNetApplication.kt:44) ~[main/:na]
Caused by: org.springframework.beans.factory.UnsatisfiedDependencyException: Error creating bean with name 'itemService' defined in file [/home/tilman/IdeaProjects/steelnet/build/classes/kotlin/main/org/legion/steel/steelnet/service/item/ItemService.class]: Unsatisfied dependency expressed through constructor parameter 0; nested exception is org.springframework.beans.factory.UnsatisfiedDependencyException: Error creating bean with name 'dataCacheService' defined in file [/home/tilman/IdeaProjects/steelnet/build/classes/kotlin/main/org/legion/steel/steelnet/service/util/DataCacheService.class]: Unsatisfied dependency expressed through constructor parameter 0; nested exception is org.springframework.beans.factory.BeanCreationException: Error creating bean with name 'googleSheetsResolver' defined in file [/home/tilman/IdeaProjects/steelnet/build/classes/kotlin/main/org/legion/steel/steelnet/service/google/sheets/GoogleSheetsResolver.class]: Bean instantiation via constructor failed; nested exception is org.springframework.beans.BeanInstantiationException: Failed to instantiate [org.legion.steel.steelnet.service.google.sheets.GoogleSheetsResolver]: Constructor threw exception; nested exception is org.springframework.dao.DuplicateKeyException: Write operation error on server localhost:27017. Write error: WriteError{code=11000, message='E11000 duplicate key error collection: foxhole_items.items index: _id_ dup key: { _id: 0 }', details={}}.; nested exception is com.mongodb.MongoWriteException: Write operation error on server localhost:27017. Write error: WriteError{code=11000, message='E11000 duplicate key error collection: foxhole_items.items index: _id_ dup key: { _id: 0 }', details={}}.
	at org.springframework.beans.factory.support.ConstructorResolver.createArgumentArray(ConstructorResolver.java:800) ~[spring-beans-5.3.22.jar:5.3.22]
	at org.springframework.beans.factory.support.ConstructorResolver.autowireConstructor(ConstructorResolver.java:229) ~[spring-beans-5.3.22.jar:5.3.22]
	at org.springframework.beans.factory.support.AbstractAutowireCapableBeanFactory.autowireConstructor(AbstractAutowireCapableBeanFactory.java:1372) ~[spring-beans-5.3.22.jar:5.3.22]
	at org.springframework.beans.factory.support.AbstractAutowireCapableBeanFactory.createBeanInstance(AbstractAutowireCapableBeanFactory.java:1222) ~[spring-beans-5.3.22.jar:5.3.22]
	at org.springframework.beans.factory.support.AbstractAutowireCapableBeanFactory.doCreateBean(AbstractAutowireCapableBeanFactory.java:582) ~[spring-beans-5.3.22.jar:5.3.22]
	at org.springframework.beans.factory.support.AbstractAutowireCapableBeanFactory.createBean(AbstractAutowireCapableBeanFactory.java:542) ~[spring-beans-5.3.22.jar:5.3.22]
	at org.springframework.beans.factory.support.AbstractBeanFactory.lambda$doGetBean$0(AbstractBeanFactory.java:335) ~[spring-beans-5.3.22.jar:5.3.22]
	at org.springframework.beans.factory.support.DefaultSingletonBeanRegistry.getSingleton(DefaultSingletonBeanRegistry.java:234) ~[spring-beans-5.3.22.jar:5.3.22]
	at org.springframework.beans.factory.support.AbstractBeanFactory.doGetBean(AbstractBeanFactory.java:333) ~[spring-beans-5.3.22.jar:5.3.22]
	at org.springframework.beans.factory.support.AbstractBeanFactory.getBean(AbstractBeanFactory.java:208) ~[spring-beans-5.3.22.jar:5.3.22]
	at org.springframework.beans.factory.config.DependencyDescriptor.resolveCandidate(DependencyDescriptor.java:276) ~[spring-beans-5.3.22.jar:5.3.22]
	at org.springframework.beans.factory.support.DefaultListableBeanFactory.doResolveDependency(DefaultListableBeanFactory.java:1391) ~[spring-beans-5.3.22.jar:5.3.22]
	at org.springframework.beans.factory.support.DefaultListableBeanFactory.resolveDependency(DefaultListableBeanFactory.java:1311) ~[spring-beans-5.3.22.jar:5.3.22]
	at org.springframework.beans.factory.support.ConstructorResolver.resolveAutowiredArgument(ConstructorResolver.java:887) ~[spring-beans-5.3.22.jar:5.3.22]
	at org.springframework.beans.factory.support.ConstructorResolver.createArgumentArray(ConstructorResolver.java:791) ~[spring-beans-5.3.22.jar:5.3.22]
	... 19 common frames omitted
Caused by: org.springframework.beans.factory.UnsatisfiedDependencyException: Error creating bean with name 'dataCacheService' defined in file [/home/tilman/IdeaProjects/steelnet/build/classes/kotlin/main/org/legion/steel/steelnet/service/util/DataCacheService.class]: Unsatisfied dependency expressed through constructor parameter 0; nested exception is org.springframework.beans.factory.BeanCreationException: Error creating bean with name 'googleSheetsResolver' defined in file [/home/tilman/IdeaProjects/steelnet/build/classes/kotlin/main/org/legion/steel/steelnet/service/google/sheets/GoogleSheetsResolver.class]: Bean instantiation via constructor failed; nested exception is org.springframework.beans.BeanInstantiationException: Failed to instantiate [org.legion.steel.steelnet.service.google.sheets.GoogleSheetsResolver]: Constructor threw exception; nested exception is org.springframework.dao.DuplicateKeyException: Write operation error on server localhost:27017. Write error: WriteError{code=11000, message='E11000 duplicate key error collection: foxhole_items.items index: _id_ dup key: { _id: 0 }', details={}}.; nested exception is com.mongodb.MongoWriteException: Write operation error on server localhost:27017. Write error: WriteError{code=11000, message='E11000 duplicate key error collection: foxhole_items.items index: _id_ dup key: { _id: 0 }', details={}}.
	at org.springframework.beans.factory.support.ConstructorResolver.createArgumentArray(ConstructorResolver.java:800) ~[spring-beans-5.3.22.jar:5.3.22]
	at org.springframework.beans.factory.support.ConstructorResolver.autowireConstructor(ConstructorResolver.java:229) ~[spring-beans-5.3.22.jar:5.3.22]
	at org.springframework.beans.factory.support.AbstractAutowireCapableBeanFactory.autowireConstructor(AbstractAutowireCapableBeanFactory.java:1372) ~[spring-beans-5.3.22.jar:5.3.22]
	at org.springframework.beans.factory.support.AbstractAutowireCapableBeanFactory.createBeanInstance(AbstractAutowireCapableBeanFactory.java:1222) ~[spring-beans-5.3.22.jar:5.3.22]
	at org.springframework.beans.factory.support.AbstractAutowireCapableBeanFactory.doCreateBean(AbstractAutowireCapableBeanFactory.java:582) ~[spring-beans-5.3.22.jar:5.3.22]
	at org.springframework.beans.factory.support.AbstractAutowireCapableBeanFactory.createBean(AbstractAutowireCapableBeanFactory.java:542) ~[spring-beans-5.3.22.jar:5.3.22]
	at org.springframework.beans.factory.support.AbstractBeanFactory.lambda$doGetBean$0(AbstractBeanFactory.java:335) ~[spring-beans-5.3.22.jar:5.3.22]
	at org.springframework.beans.factory.support.DefaultSingletonBeanRegistry.getSingleton(DefaultSingletonBeanRegistry.java:234) ~[spring-beans-5.3.22.jar:5.3.22]
	at org.springframework.beans.factory.support.AbstractBeanFactory.doGetBean(AbstractBeanFactory.java:333) ~[spring-beans-5.3.22.jar:5.3.22]
	at org.springframework.beans.factory.support.AbstractBeanFactory.getBean(AbstractBeanFactory.java:208) ~[spring-beans-5.3.22.jar:5.3.22]
	at org.springframework.beans.factory.config.DependencyDescriptor.resolveCandidate(DependencyDescriptor.java:276) ~[spring-beans-5.3.22.jar:5.3.22]
	at org.springframework.beans.factory.support.DefaultListableBeanFactory.doResolveDependency(DefaultListableBeanFactory.java:1391) ~[spring-beans-5.3.22.jar:5.3.22]
	at org.springframework.beans.factory.support.DefaultListableBeanFactory.resolveDependency(DefaultListableBeanFactory.java:1311) ~[spring-beans-5.3.22.jar:5.3.22]
	at org.springframework.beans.factory.support.ConstructorResolver.resolveAutowiredArgument(ConstructorResolver.java:887) ~[spring-beans-5.3.22.jar:5.3.22]
	at org.springframework.beans.factory.support.ConstructorResolver.createArgumentArray(ConstructorResolver.java:791) ~[spring-beans-5.3.22.jar:5.3.22]
	... 33 common frames omitted
Caused by: org.springframework.beans.factory.BeanCreationException: Error creating bean with name 'googleSheetsResolver' defined in file [/home/tilman/IdeaProjects/steelnet/build/classes/kotlin/main/org/legion/steel/steelnet/service/google/sheets/GoogleSheetsResolver.class]: Bean instantiation via constructor failed; nested exception is org.springframework.beans.BeanInstantiationException: Failed to instantiate [org.legion.steel.steelnet.service.google.sheets.GoogleSheetsResolver]: Constructor threw exception; nested exception is org.springframework.dao.DuplicateKeyException: Write operation error on server localhost:27017. Write error: WriteError{code=11000, message='E11000 duplicate key error collection: foxhole_items.items index: _id_ dup key: { _id: 0 }', details={}}.; nested exception is com.mongodb.MongoWriteException: Write operation error on server localhost:27017. Write error: WriteError{code=11000, message='E11000 duplicate key error collection: foxhole_items.items index: _id_ dup key: { _id: 0 }', details={}}.
	at org.springframework.beans.factory.support.ConstructorResolver.instantiate(ConstructorResolver.java:315) ~[spring-beans-5.3.22.jar:5.3.22]
	at org.springframework.beans.factory.support.ConstructorResolver.autowireConstructor(ConstructorResolver.java:296) ~[spring-beans-5.3.22.jar:5.3.22]
	at org.springframework.beans.factory.support.AbstractAutowireCapableBeanFactory.autowireConstructor(AbstractAutowireCapableBeanFactory.java:1372) ~[spring-beans-5.3.22.jar:5.3.22]
	at org.springframework.beans.factory.support.AbstractAutowireCapableBeanFactory.createBeanInstance(AbstractAutowireCapableBeanFactory.java:1222) ~[spring-beans-5.3.22.jar:5.3.22]
	at org.springframework.beans.factory.support.AbstractAutowireCapableBeanFactory.doCreateBean(AbstractAutowireCapableBeanFactory.java:582) ~[spring-beans-5.3.22.jar:5.3.22]
	at org.springframework.beans.factory.support.AbstractAutowireCapableBeanFactory.createBean(AbstractAutowireCapableBeanFactory.java:542) ~[spring-beans-5.3.22.jar:5.3.22]
	at org.springframework.beans.factory.support.AbstractBeanFactory.lambda$doGetBean$0(AbstractBeanFactory.java:335) ~[spring-beans-5.3.22.jar:5.3.22]
	at org.springframework.beans.factory.support.DefaultSingletonBeanRegistry.getSingleton(DefaultSingletonBeanRegistry.java:234) ~[spring-beans-5.3.22.jar:5.3.22]
	at org.springframework.beans.factory.support.AbstractBeanFactory.doGetBean(AbstractBeanFactory.java:333) ~[spring-beans-5.3.22.jar:5.3.22]
	at org.springframework.beans.factory.support.AbstractBeanFactory.getBean(AbstractBeanFactory.java:208) ~[spring-beans-5.3.22.jar:5.3.22]
	at org.springframework.beans.factory.config.DependencyDescriptor.resolveCandidate(DependencyDescriptor.java:276) ~[spring-beans-5.3.22.jar:5.3.22]
	at org.springframework.beans.factory.support.DefaultListableBeanFactory.doResolveDependency(DefaultListableBeanFactory.java:1391) ~[spring-beans-5.3.22.jar:5.3.22]
	at org.springframework.beans.factory.support.DefaultListableBeanFactory.resolveDependency(DefaultListableBeanFactory.java:1311) ~[spring-beans-5.3.22.jar:5.3.22]
	at org.springframework.beans.factory.support.ConstructorResolver.resolveAutowiredArgument(ConstructorResolver.java:887) ~[spring-beans-5.3.22.jar:5.3.22]
	at org.springframework.beans.factory.support.ConstructorResolver.createArgumentArray(ConstructorResolver.java:791) ~[spring-beans-5.3.22.jar:5.3.22]
	... 47 common frames omitted
Caused by: org.springframework.beans.BeanInstantiationException: Failed to instantiate [org.legion.steel.steelnet.service.google.sheets.GoogleSheetsResolver]: Constructor threw exception; nested exception is org.springframework.dao.DuplicateKeyException: Write operation error on server localhost:27017. Write error: WriteError{code=11000, message='E11000 duplicate key error collection: foxhole_items.items index: _id_ dup key: { _id: 0 }', details={}}.; nested exception is com.mongodb.MongoWriteException: Write operation error on server localhost:27017. Write error: WriteError{code=11000, message='E11000 duplicate key error collection: foxhole_items.items index: _id_ dup key: { _id: 0 }', details={}}.
	at org.springframework.beans.BeanUtils.instantiateClass(BeanUtils.java:224) ~[spring-beans-5.3.22.jar:5.3.22]
	at org.springframework.beans.factory.support.SimpleInstantiationStrategy.instantiate(SimpleInstantiationStrategy.java:117) ~[spring-beans-5.3.22.jar:5.3.22]
	at org.springframework.beans.factory.support.ConstructorResolver.instantiate(ConstructorResolver.java:311) ~[spring-beans-5.3.22.jar:5.3.22]
	... 61 common frames omitted
Caused by: org.springframework.dao.DuplicateKeyException: Write operation error on server localhost:27017. Write error: WriteError{code=11000, message='E11000 duplicate key error collection: foxhole_items.items index: _id_ dup key: { _id: 0 }', details={}}.; nested exception is com.mongodb.MongoWriteException: Write operation error on server localhost:27017. Write error: WriteError{code=11000, message='E11000 duplicate key error collection: foxhole_items.items index: _id_ dup key: { _id: 0 }', details={}}.
	at org.springframework.data.mongodb.core.MongoExceptionTranslator.translateExceptionIfPossible(MongoExceptionTranslator.java:106) ~[spring-data-mongodb-3.4.2.jar:3.4.2]
	at org.springframework.data.mongodb.core.MongoTemplate.potentiallyConvertRuntimeException(MongoTemplate.java:3044) ~[spring-data-mongodb-3.4.2.jar:3.4.2]
	at org.springframework.data.mongodb.core.MongoTemplate.execute(MongoTemplate.java:600) ~[spring-data-mongodb-3.4.2.jar:3.4.2]
	at org.springframework.data.mongodb.core.MongoTemplate.insertDocument(MongoTemplate.java:1546) ~[spring-data-mongodb-3.4.2.jar:3.4.2]
	at org.springframework.data.mongodb.core.MongoTemplate.doInsert(MongoTemplate.java:1345) ~[spring-data-mongodb-3.4.2.jar:3.4.2]
	at org.springframework.data.mongodb.core.MongoTemplate.insert(MongoTemplate.java:1260) ~[spring-data-mongodb-3.4.2.jar:3.4.2]
	at org.springframework.data.mongodb.repository.support.SimpleMongoRepository.save(SimpleMongoRepository.java:95) ~[spring-data-mongodb-3.4.2.jar:3.4.2]
	at java.base/java.util.stream.ReferencePipeline$3$1.accept(ReferencePipeline.java:197) ~[na:na]
	at java.base/java.util.ArrayList$Itr.forEachRemaining(ArrayList.java:1003) ~[na:na]
	at java.base/java.util.Spliterators$IteratorSpliterator.forEachRemaining(Spliterators.java:1845) ~[na:na]
	at java.base/java.util.stream.AbstractPipeline.copyInto(AbstractPipeline.java:509) ~[na:na]
	at java.base/java.util.stream.AbstractPipeline.wrapAndCopyInto(AbstractPipeline.java:499) ~[na:na]
	at java.base/java.util.stream.ReduceOps$ReduceOp.evaluateSequential(ReduceOps.java:921) ~[na:na]
	at java.base/java.util.stream.AbstractPipeline.evaluate(AbstractPipeline.java:234) ~[na:na]
	at java.base/java.util.stream.ReferencePipeline.collect(ReferencePipeline.java:682) ~[na:na]
	at org.springframework.data.mongodb.repository.support.SimpleMongoRepository.saveAll(SimpleMongoRepository.java:119) ~[spring-data-mongodb-3.4.2.jar:3.4.2]
	at org.springframework.data.mongodb.repository.support.SimpleMongoRepository.saveAll(SimpleMongoRepository.java:61) ~[spring-data-mongodb-3.4.2.jar:3.4.2]
	at java.base/jdk.internal.reflect.DirectMethodHandleAccessor.invoke(DirectMethodHandleAccessor.java:104) ~[na:na]
	at java.base/java.lang.reflect.Method.invoke(Method.java:577) ~[na:na]
	at org.springframework.data.repository.core.support.RepositoryMethodInvoker$RepositoryFragmentMethodInvoker.lambda$new$0(RepositoryMethodInvoker.java:289) ~[spring-data-commons-2.7.2.jar:2.7.2]
	at org.springframework.data.repository.core.support.RepositoryMethodInvoker.doInvoke(RepositoryMethodInvoker.java:137) ~[spring-data-commons-2.7.2.jar:2.7.2]
	at org.springframework.data.repository.core.support.RepositoryMethodInvoker.invoke(RepositoryMethodInvoker.java:121) ~[spring-data-commons-2.7.2.jar:2.7.2]
	at org.springframework.data.repository.core.support.RepositoryComposition$RepositoryFragments.invoke(RepositoryComposition.java:530) ~[spring-data-commons-2.7.2.jar:2.7.2]
	at org.springframework.data.repository.core.support.RepositoryComposition.invoke(RepositoryComposition.java:286) ~[spring-data-commons-2.7.2.jar:2.7.2]
	at org.springframework.data.repository.core.support.RepositoryFactorySupport$ImplementationMethodExecutionInterceptor.invoke(RepositoryFactorySupport.java:640) ~[spring-data-commons-2.7.2.jar:2.7.2]
	at org.springframework.aop.framework.ReflectiveMethodInvocation.proceed(ReflectiveMethodInvocation.java:186) ~[spring-aop-5.3.22.jar:5.3.22]
	at org.springframework.data.repository.core.support.QueryExecutorMethodInterceptor.doInvoke(QueryExecutorMethodInterceptor.java:164) ~[spring-data-commons-2.7.2.jar:2.7.2]
	at org.springframework.data.repository.core.support.QueryExecutorMethodInterceptor.invoke(QueryExecutorMethodInterceptor.java:139) ~[spring-data-commons-2.7.2.jar:2.7.2]
	at org.springframework.aop.framework.ReflectiveMethodInvocation.proceed(ReflectiveMethodInvocation.java:186) ~[spring-aop-5.3.22.jar:5.3.22]
	at org.springframework.data.projection.DefaultMethodInvokingMethodInterceptor.invoke(DefaultMethodInvokingMethodInterceptor.java:81) ~[spring-data-commons-2.7.2.jar:2.7.2]
	at org.springframework.aop.framework.ReflectiveMethodInvocation.proceed(ReflectiveMethodInvocation.java:186) ~[spring-aop-5.3.22.jar:5.3.22]
	at org.springframework.aop.interceptor.ExposeInvocationInterceptor.invoke(ExposeInvocationInterceptor.java:97) ~[spring-aop-5.3.22.jar:5.3.22]
	at org.springframework.aop.framework.ReflectiveMethodInvocation.proceed(ReflectiveMethodInvocation.java:186) ~[spring-aop-5.3.22.jar:5.3.22]
	at org.springframework.data.repository.core.support.MethodInvocationValidator.invoke(MethodInvocationValidator.java:99) ~[spring-data-commons-2.7.2.jar:2.7.2]
	at org.springframework.aop.framework.ReflectiveMethodInvocation.proceed(ReflectiveMethodInvocation.java:186) ~[spring-aop-5.3.22.jar:5.3.22]
	at org.springframework.aop.framework.JdkDynamicAopProxy.invoke(JdkDynamicAopProxy.java:215) ~[spring-aop-5.3.22.jar:5.3.22]
	at jdk.proxy2/jdk.proxy2.$Proxy92.saveAll(Unknown Source) ~[na:na]
	at java.base/jdk.internal.reflect.DirectMethodHandleAccessor.invoke(DirectMethodHandleAccessor.java:104) ~[na:na]
	at java.base/java.lang.reflect.Method.invoke(Method.java:577) ~[na:na]
	at org.springframework.aop.support.AopUtils.invokeJoinpointUsingReflection(AopUtils.java:344) ~[spring-aop-5.3.22.jar:5.3.22]
	at org.springframework.aop.framework.ReflectiveMethodInvocation.invokeJoinpoint(ReflectiveMethodInvocation.java:198) ~[spring-aop-5.3.22.jar:5.3.22]
	at org.springframework.aop.framework.ReflectiveMethodInvocation.proceed(ReflectiveMethodInvocation.java:163) ~[spring-aop-5.3.22.jar:5.3.22]
	at org.springframework.dao.support.PersistenceExceptionTranslationInterceptor.invoke(PersistenceExceptionTranslationInterceptor.java:137) ~[spring-tx-5.3.22.jar:5.3.22]
	at org.springframework.aop.framework.ReflectiveMethodInvocation.proceed(ReflectiveMethodInvocation.java:186) ~[spring-aop-5.3.22.jar:5.3.22]
	at org.springframework.aop.framework.JdkDynamicAopProxy.invoke(JdkDynamicAopProxy.java:215) ~[spring-aop-5.3.22.jar:5.3.22]
	at jdk.proxy2/jdk.proxy2.$Proxy92.saveAll(Unknown Source) ~[na:na]
	at org.legion.steel.steelnet.service.google.sheets.GoogleSheetsResolver.sortGoogleSheetsData(GoogleSheetsResolver.kt:132) ~[main/:na]
	at org.legion.steel.steelnet.service.google.sheets.GoogleSheetsResolver.<init>(GoogleSheetsResolver.kt:149) ~[main/:na]
	at java.base/jdk.internal.reflect.DirectConstructorHandleAccessor.newInstance(DirectConstructorHandleAccessor.java:67) ~[na:na]
	at java.base/java.lang.reflect.Constructor.newInstanceWithCaller(Constructor.java:499) ~[na:na]
	at java.base/java.lang.reflect.Constructor.newInstance(Constructor.java:483) ~[na:na]
	at kotlin.reflect.jvm.internal.calls.CallerImpl$Constructor.call(CallerImpl.kt:41) ~[kotlin-reflect-1.6.21.jar:1.6.21-release-334(1.6.21)]
	at kotlin.reflect.jvm.internal.KCallableImpl.call(KCallableImpl.kt:108) ~[kotlin-reflect-1.6.21.jar:1.6.21-release-334(1.6.21)]
	at kotlin.reflect.jvm.internal.KCallableImpl.callDefaultMethod$kotlin_reflection(KCallableImpl.kt:159) ~[kotlin-reflect-1.6.21.jar:1.6.21-release-334(1.6.21)]
	at kotlin.reflect.jvm.internal.KCallableImpl.callBy(KCallableImpl.kt:112) ~[kotlin-reflect-1.6.21.jar:1.6.21-release-334(1.6.21)]
	at org.springframework.beans.BeanUtils$KotlinDelegate.instantiateClass(BeanUtils.java:892) ~[spring-beans-5.3.22.jar:5.3.22]
	at org.springframework.beans.BeanUtils.instantiateClass(BeanUtils.java:196) ~[spring-beans-5.3.22.jar:5.3.22]
	... 63 common frames omitted
Caused by: com.mongodb.MongoWriteException: Write operation error on server localhost:27017. Write error: WriteError{code=11000, message='E11000 duplicate key error collection: foxhole_items.items index: _id_ dup key: { _id: 0 }', details={}}.
	at com.mongodb.client.internal.MongoCollectionImpl.executeSingleWriteRequest(MongoCollectionImpl.java:1018) ~[mongodb-driver-sync-4.6.1.jar:na]
	at com.mongodb.client.internal.MongoCollectionImpl.executeInsertOne(MongoCollectionImpl.java:471) ~[mongodb-driver-sync-4.6.1.jar:na]
	at com.mongodb.client.internal.MongoCollectionImpl.insertOne(MongoCollectionImpl.java:454) ~[mongodb-driver-sync-4.6.1.jar:na]
	at com.mongodb.client.internal.MongoCollectionImpl.insertOne(MongoCollectionImpl.java:448) ~[mongodb-driver-sync-4.6.1.jar:na]
	at org.springframework.data.mongodb.core.MongoTemplate.lambda$insertDocument$15(MongoTemplate.java:1552) ~[spring-data-mongodb-3.4.2.jar:3.4.2]
	at org.springframework.data.mongodb.core.MongoTemplate.execute(MongoTemplate.java:598) ~[spring-data-mongodb-3.4.2.jar:3.4.2]
	... 117 common frames omitted

2022-09-12 21:18:12.100  INFO 457342 --- [main] o.l.s.steelnet.SteelNetApplicationKt     : Starting SteelNetApplicationKt using Java 18.0.2 on waybook with PID 457342 (/home/tilman/IdeaProjects/steelnet/build/classes/kotlin/main started by tilman in /home/tilman/IdeaProjects/steelnet)
2022-09-12 21:18:12.103  INFO 457342 --- [main] o.l.s.steelnet.SteelNetApplicationKt     : No active profile set, falling back to 1 default profile: "default"
2022-09-12 21:18:12.489  INFO 457342 --- [main] .s.d.r.c.RepositoryConfigurationDelegate : Bootstrapping Spring Data MongoDB repositories in DEFAULT mode.
2022-09-12 21:18:12.526  INFO 457342 --- [main] .s.d.r.c.RepositoryConfigurationDelegate : Finished Spring Data repository scanning in 32 ms. Found 1 MongoDB repository interfaces.
2022-09-12 21:18:13.006  INFO 457342 --- [main] o.s.b.w.embedded.tomcat.TomcatWebServer  : Tomcat initialized with port(s): 9000 (http)
2022-09-12 21:18:13.015  INFO 457342 --- [main] o.apache.catalina.core.StandardService   : Starting service [Tomcat]
2022-09-12 21:18:13.016  INFO 457342 --- [main] org.apache.catalina.core.StandardEngine  : Starting Servlet engine: [Apache Tomcat/9.0.65]
2022-09-12 21:18:13.086  INFO 457342 --- [main] o.a.c.c.C.[Tomcat].[localhost].[/]       : Initializing Spring embedded WebApplicationContext
2022-09-12 21:18:13.087  INFO 457342 --- [main] w.s.c.ServletWebServerApplicationContext : Root WebApplicationContext: initialization completed in 931 ms
2022-09-12 21:18:13.268  INFO 457342 --- [main] org.mongodb.driver.client                : MongoClient with metadata {"driver": {"name": "mongo-java-driver|sync|spring-boot", "version": "4.6.1"}, "os": {"type": "Linux", "name": "Linux", "architecture": "amd64", "version": "5.19.8-200.fc36.x86_64"}, "platform": "Java/Eclipse Adoptium/18.0.2+9"} created with settings MongoClientSettings{readPreference=primary, writeConcern=WriteConcern{w=null, wTimeout=null ms, journal=null}, retryWrites=true, retryReads=true, readConcern=ReadConcern{level=null}, credential=null, streamFactoryFactory=null, commandListeners=[], codecRegistry=ProvidersCodecRegistry{codecProviders=[ValueCodecProvider{}, BsonValueCodecProvider{}, DBRefCodecProvider{}, DBObjectCodecProvider{}, DocumentCodecProvider{}, IterableCodecProvider{}, MapCodecProvider{}, GeoJsonCodecProvider{}, GridFSFileCodecProvider{}, Jsr310CodecProvider{}, JsonObjectCodecProvider{}, BsonCodecProvider{}, EnumCodecProvider{}, com.mongodb.Jep395RecordCodecProvider@f9cab00]}, clusterSettings={hosts=[localhost:27017], srvServiceName=mongodb, mode=SINGLE, requiredClusterType=UNKNOWN, requiredReplicaSetName='null', serverSelector='null', clusterListeners='[]', serverSelectionTimeout='30000 ms', localThreshold='30000 ms'}, socketSettings=SocketSettings{connectTimeoutMS=10000, readTimeoutMS=0, receiveBufferSize=0, sendBufferSize=0}, heartbeatSocketSettings=SocketSettings{connectTimeoutMS=10000, readTimeoutMS=10000, receiveBufferSize=0, sendBufferSize=0}, connectionPoolSettings=ConnectionPoolSettings{maxSize=100, minSize=0, maxWaitTimeMS=120000, maxConnectionLifeTimeMS=0, maxConnectionIdleTimeMS=0, maintenanceInitialDelayMS=0, maintenanceFrequencyMS=60000, connectionPoolListeners=[], maxConnecting=2}, serverSettings=ServerSettings{heartbeatFrequencyMS=10000, minHeartbeatFrequencyMS=500, serverListeners='[]', serverMonitorListeners='[]'}, sslSettings=SslSettings{enabled=false, invalidHostNameAllowed=false, context=null}, applicationName='null', compressorList=[], uuidRepresentation=JAVA_LEGACY, serverApi=null, autoEncryptionSettings=null, contextProvider=null}
2022-09-12 21:18:13.283  INFO 457342 --- [cluster-rtt-ClusterId{value='631f85f515bbd45a087988cc', description='null'}-localhost:27017] org.mongodb.driver.connection            : Opened connection [connectionId{localValue:1, serverValue:57}] to localhost:27017
2022-09-12 21:18:13.283  INFO 457342 --- [cluster-ClusterId{value='631f85f515bbd45a087988cc', description='null'}-localhost:27017] org.mongodb.driver.connection            : Opened connection [connectionId{localValue:2, serverValue:58}] to localhost:27017
2022-09-12 21:18:13.284  INFO 457342 --- [cluster-ClusterId{value='631f85f515bbd45a087988cc', description='null'}-localhost:27017] org.mongodb.driver.cluster               : Monitor thread successfully connected to server with description ServerDescription{address=localhost:27017, type=STANDALONE, state=CONNECTED, ok=true, minWireVersion=0, maxWireVersion=9, maxDocumentSize=16777216, logicalSessionTimeoutMinutes=30, roundTripTimeNanos=15234026}
2022-09-12 21:18:14.917  INFO 457342 --- [main] org.mongodb.driver.connection            : Opened connection [connectionId{localValue:3, serverValue:59}] to localhost:27017
2022-09-12 21:18:47.351  INFO 457342 --- [main] o.s.b.w.embedded.tomcat.TomcatWebServer  : Tomcat started on port(s): 9000 (http) with context path ''
2022-09-12 21:18:47.364  INFO 457342 --- [main] o.l.s.steelnet.SteelNetApplicationKt     : Started SteelNetApplicationKt in 35.608 seconds (JVM running for 35.913)
